Zilog eZ80 Macro Assembler Version 4.3 (19073001)02-Aug-22     20:52:06     page:   1


PC     Object              I  Line    Source 
                           A     1    ; Zilog eZ80 ANSI C Compiler Release 3.4
                           A     2    ; -nomodsect -optspeed -noreduceopt -nopadbranc
                           A     3    ; -peephole -globalopt -localcse -const=ROM 
                           A     4    	FILE	"..\main.c"
                           A     5    	.assume ADL=1
                           A     6    .DEBUG "C"
                           A     7    	SEGMENT CODE
                           A     8    .BEGREC "fmt_type",19
                           A     9    .DEFINE "status"
                           A    10    .VALUE 0
                           A    11    .CLASS 8
                           A    12    .TYPE 12
                           A    13    .ENDEF
                           A    14    .DEFINE "flags"
                           A    15    .VALUE 1
                           A    16    .CLASS 8
                           A    17    .TYPE 12
                           A    18    .ENDEF
                           A    19    .DEFINE "size"
                           A    20    .VALUE 2
                           A    21    .CLASS 8
                           A    22    .TYPE 2
                           A    23    .ENDEF
                           A    24    .DEFINE "chr"
                           A    25    .VALUE 3
                           A    26    .CLASS 8
                           A    27    .TYPE 2
                           A    28    .ENDEF
                           A    29    .DEFINE "type"
                           A    30    .VALUE 4
                           A    31    .CLASS 8
                           A    32    .TYPE 2
                           A    33    .ENDEF
                           A    34    .DEFINE "field_width"
                           A    35    .VALUE 5
                           A    36    .CLASS 8
                           A    37    .TYPE 2
                           A    38    .ENDEF
                           A    39    .DEFINE "precision"
                           A    40    .VALUE 6
                           A    41    .CLASS 8
                           A    42    .TYPE 2
                           A    43    .ENDEF
                           A    44    .DEFINE "set_begin"
                           A    45    .VALUE 7
                           A    46    .CLASS 8
                           A    47    .TYPE 34
                           A    48    .ENDEF
                           A    49    .DEFINE "set_end"
                           A    50    .VALUE 10
                           A    51    .CLASS 8
                           A    52    .TYPE 34
                           A    53    .ENDEF
                           A    54    .DEFINE "pad_whole"
                           A    55    .VALUE 13
                           A    56    .CLASS 8
                           A    57    .TYPE 12
                           A    58    .ENDEF
                           A    59    .DEFINE "pad_pre_fract"
                           A    60    .VALUE 14
                           A    61    .CLASS 8
                           A    62    .TYPE 12
                           A    63    .ENDEF
                           A    64    .DEFINE "pad_post_fract"
                           A    65    .VALUE 15
                           A    66    .CLASS 8
                           A    67    .TYPE 12
                           A    68    .ENDEF
                           A    69    .DEFINE "pad_at"
                           A    70    .VALUE 16
                           A    71    .CLASS 8
                           A    72    .TYPE 34
                           A    73    .ENDEF
                           A    74    .ENDREC "fmt_type"
                           A    75    .BEGREC "flt_info",12
                           A    76    .DEFINE "flags"
                           A    77    .VALUE 0
                           A    78    .CLASS 8
                           A    79    .TYPE 12
                           A    80    .ENDEF
                           A    81    .DEFINE "exp"
                           A    82    .VALUE 1
                           A    83    .CLASS 8
                           A    84    .TYPE 2
                           A    85    .ENDEF
                           A    86    .DEFINE "digits"
                           A    87    .VALUE 2
                           A    88    .CLASS 8
                           A    89    .DIM 10
                           A    90    .TYPE 108
                           A    91    .ENDEF
                           A    92    .ENDREC "flt_info"
                           A    93    .BEGREC "NONAME0",6
                           A    94    .DEFINE "quot"
                           A    95    .VALUE 0
                           A    96    .CLASS 8
                           A    97    .TYPE 4
                           A    98    .ENDEF
                           A    99    .DEFINE "rem"
                           A   100    .VALUE 3
                           A   101    .CLASS 8
                           A   102    .TYPE 4
                           A   103    .ENDEF
                           A   104    .ENDREC "NONAME0"
                           A   105    .BEGREC "NONAME1",8
                           A   106    .DEFINE "quot"
                           A   107    .VALUE 0
                           A   108    .CLASS 8
                           A   109    .TYPE 5
                           A   110    .ENDEF
                           A   111    .DEFINE "rem"
                           A   112    .VALUE 4
                           A   113    .CLASS 8
                           A   114    .TYPE 5
                           A   115    .ENDEF
                           A   116    .ENDREC "NONAME1"
                           A   117    .BEGREC "header",6
                           A   118    .DEFINE "s"
                           A   119    .VALUE 0
                           A   120    .CLASS 11
                           A   121    .TAG "NONAME2"
                           A   122    .TYPE 8
                           A   123    .ENDEF
                           A   124    .DEFINE "x"
                           A   125    .VALUE 0
                           A   126    .CLASS 11
                           A   127    .TYPE 2
                           A   128    .ENDEF
                           A   129    .ENDREC "header"
                           A   130    .BEGREC "NONAME2",6
                           A   131    .DEFINE "ptr"
                           A   132    .VALUE 0
                           A   133    .CLASS 8
                           A   134    .TAG "header"
                           A   135    .TYPE 40
                           A   136    .ENDEF
                           A   137    .DEFINE "size"
                           A   138    .VALUE 3
                           A   139    .CLASS 8
                           A   140    .TYPE 14
                           A   141    .ENDEF
                           A   142    .ENDREC "NONAME2"
                           A   143    .BEGREC "NONAME3",4
                           A   144    .DEFINE "dr"
                           A   145    .VALUE 0
                           A   146    .CLASS 8
                           A   147    .TYPE 12
                           A   148    .ENDEF
                           A   149    .DEFINE "ddr"
                           A   150    .VALUE 1
                           A   151    .CLASS 8
                           A   152    .TYPE 12
                           A   153    .ENDEF
                           A   154    .DEFINE "alt1"
                           A   155    .VALUE 2
                           A   156    .CLASS 8
                           A   157    .TYPE 12
                           A   158    .ENDEF
                           A   159    .DEFINE "alt2"
                           A   160    .VALUE 3
                           A   161    .CLASS 8
                           A   162    .TYPE 12
                           A   163    .ENDEF
                           A   164    .ENDREC "NONAME3"
                           A   165    .BEGREC "NONAME4",6
                           A   166    .DEFINE "baudRate"
                           A   167    .VALUE 0
                           A   168    .CLASS 8
                           A   169    .TYPE 4
                           A   170    .ENDEF
                           A   171    .DEFINE "dataBits"
                           A   172    .VALUE 3
                           A   173    .CLASS 8
                           A   174    .TYPE 12
                           A   175    .ENDEF
                           A   176    .DEFINE "stopBits"
                           A   177    .VALUE 4
                           A   178    .CLASS 8
                           A   179    .TYPE 12
                           A   180    .ENDEF
                           A   181    .DEFINE "parity"
                           A   182    .VALUE 5
                           A   183    .CLASS 8
                           A   184    .TYPE 12
                           A   185    .ENDEF
                           A   186    .ENDREC "NONAME4"
                           A   187    .BEGREC "NONAME5",562
                           A   188    .DEFINE "fs_type"
                           A   189    .VALUE 0
                           A   190    .CLASS 8
                           A   191    .TYPE 12
                           A   192    .ENDEF
                           A   193    .DEFINE "pdrv"
                           A   194    .VALUE 1
                           A   195    .CLASS 8
                           A   196    .TYPE 12
                           A   197    .ENDEF
                           A   198    .DEFINE "n_fats"
                           A   199    .VALUE 2
                           A   200    .CLASS 8
                           A   201    .TYPE 12
                           A   202    .ENDEF
                           A   203    .DEFINE "wflag"
                           A   204    .VALUE 3
                           A   205    .CLASS 8
                           A   206    .TYPE 12
                           A   207    .ENDEF
                           A   208    .DEFINE "fsi_flag"
                           A   209    .VALUE 4
                           A   210    .CLASS 8
                           A   211    .TYPE 12
                           A   212    .ENDEF
                           A   213    .DEFINE "id"
                           A   214    .VALUE 5
                           A   215    .CLASS 8
                           A   216    .TYPE 13
                           A   217    .ENDEF
                           A   218    .DEFINE "n_rootdir"
                           A   219    .VALUE 7
                           A   220    .CLASS 8
                           A   221    .TYPE 13
                           A   222    .ENDEF
                           A   223    .DEFINE "csize"
                           A   224    .VALUE 9
                           A   225    .CLASS 8
                           A   226    .TYPE 13
                           A   227    .ENDEF
                           A   228    .DEFINE "lfnbuf"
                           A   229    .VALUE 11
                           A   230    .CLASS 8
                           A   231    .TYPE 45
                           A   232    .ENDEF
                           A   233    .DEFINE "last_clst"
                           A   234    .VALUE 14
                           A   235    .CLASS 8
                           A   236    .TYPE 15
                           A   237    .ENDEF
                           A   238    .DEFINE "free_clst"
                           A   239    .VALUE 18
                           A   240    .CLASS 8
                           A   241    .TYPE 15
                           A   242    .ENDEF
                           A   243    .DEFINE "n_fatent"
                           A   244    .VALUE 22
                           A   245    .CLASS 8
                           A   246    .TYPE 15
                           A   247    .ENDEF
                           A   248    .DEFINE "fsize"
                           A   249    .VALUE 26
                           A   250    .CLASS 8
                           A   251    .TYPE 15
                           A   252    .ENDEF
                           A   253    .DEFINE "volbase"
                           A   254    .VALUE 30
                           A   255    .CLASS 8
                           A   256    .TYPE 15
                           A   257    .ENDEF
                           A   258    .DEFINE "fatbase"
                           A   259    .VALUE 34
                           A   260    .CLASS 8
                           A   261    .TYPE 15
                           A   262    .ENDEF
                           A   263    .DEFINE "dirbase"
                           A   264    .VALUE 38
                           A   265    .CLASS 8
                           A   266    .TYPE 15
                           A   267    .ENDEF
                           A   268    .DEFINE "database"
                           A   269    .VALUE 42
                           A   270    .CLASS 8
                           A   271    .TYPE 15
                           A   272    .ENDEF
                           A   273    .DEFINE "winsect"
                           A   274    .VALUE 46
                           A   275    .CLASS 8
                           A   276    .TYPE 15
                           A   277    .ENDEF
                           A   278    .DEFINE "win"
                           A   279    .VALUE 50
                           A   280    .CLASS 8
                           A   281    .DIM 512
                           A   282    .TYPE 108
                           A   283    .ENDEF
                           A   284    .ENDREC "NONAME5"
                           A   285    .BEGREC "NONAME6",15
                           A   286    .DEFINE "fs"
                           A   287    .VALUE 0
                           A   288    .CLASS 8
                           A   289    .TAG "NONAME5"
                           A   290    .TYPE 40
                           A   291    .ENDEF
                           A   292    .DEFINE "id"
                           A   293    .VALUE 3
                           A   294    .CLASS 8
                           A   295    .TYPE 13
                           A   296    .ENDEF
                           A   297    .DEFINE "attr"
                           A   298    .VALUE 5
                           A   299    .CLASS 8
                           A   300    .TYPE 12
                           A   301    .ENDEF
                           A   302    .DEFINE "stat"
                           A   303    .VALUE 6
                           A   304    .CLASS 8
                           A   305    .TYPE 12
                           A   306    .ENDEF
                           A   307    .DEFINE "sclust"
                           A   308    .VALUE 7
                           A   309    .CLASS 8
                           A   310    .TYPE 15
                           A   311    .ENDEF
                           A   312    .DEFINE "objsize"
                           A   313    .VALUE 11
                           A   314    .CLASS 8
                           A   315    .TYPE 15
                           A   316    .ENDEF
                           A   317    .ENDREC "NONAME6"
                           A   318    .BEGREC "NONAME7",548
                           A   319    .DEFINE "obj"
                           A   320    .VALUE 0
                           A   321    .CLASS 8
                           A   322    .TAG "NONAME6"
                           A   323    .TYPE 8
                           A   324    .ENDEF
                           A   325    .DEFINE "flag"
                           A   326    .VALUE 15
                           A   327    .CLASS 8
                           A   328    .TYPE 12
                           A   329    .ENDEF
                           A   330    .DEFINE "err"
                           A   331    .VALUE 16
                           A   332    .CLASS 8
                           A   333    .TYPE 12
                           A   334    .ENDEF
                           A   335    .DEFINE "fptr"
                           A   336    .VALUE 17
                           A   337    .CLASS 8
                           A   338    .TYPE 15
                           A   339    .ENDEF
                           A   340    .DEFINE "clust"
                           A   341    .VALUE 21
                           A   342    .CLASS 8
                           A   343    .TYPE 15
                           A   344    .ENDEF
                           A   345    .DEFINE "sect"
                           A   346    .VALUE 25
                           A   347    .CLASS 8
                           A   348    .TYPE 15
                           A   349    .ENDEF
                           A   350    .DEFINE "dir_sect"
                           A   351    .VALUE 29
                           A   352    .CLASS 8
                           A   353    .TYPE 15
                           A   354    .ENDEF
                           A   355    .DEFINE "dir_ptr"
                           A   356    .VALUE 33
                           A   357    .CLASS 8
                           A   358    .TYPE 44
                           A   359    .ENDEF
                           A   360    .DEFINE "buf"
                           A   361    .VALUE 36
                           A   362    .CLASS 8
                           A   363    .DIM 512
                           A   364    .TYPE 108
                           A   365    .ENDEF
                           A   366    .ENDREC "NONAME7"
                           A   367    .BEGREC "NONAME8",46
                           A   368    .DEFINE "obj"
                           A   369    .VALUE 0
                           A   370    .CLASS 8
                           A   371    .TAG "NONAME6"
                           A   372    .TYPE 8
                           A   373    .ENDEF
                           A   374    .DEFINE "dptr"
                           A   375    .VALUE 15
                           A   376    .CLASS 8
                           A   377    .TYPE 15
                           A   378    .ENDEF
                           A   379    .DEFINE "clust"
                           A   380    .VALUE 19
                           A   381    .CLASS 8
                           A   382    .TYPE 15
                           A   383    .ENDEF
                           A   384    .DEFINE "sect"
                           A   385    .VALUE 23
                           A   386    .CLASS 8
                           A   387    .TYPE 15
                           A   388    .ENDEF
                           A   389    .DEFINE "dir"
                           A   390    .VALUE 27
                           A   391    .CLASS 8
                           A   392    .TYPE 44
                           A   393    .ENDEF
                           A   394    .DEFINE "fn"
                           A   395    .VALUE 30
                           A   396    .CLASS 8
                           A   397    .DIM 12
                           A   398    .TYPE 108
                           A   399    .ENDEF
                           A   400    .DEFINE "blk_ofs"
                           A   401    .VALUE 42
                           A   402    .CLASS 8
                           A   403    .TYPE 15
                           A   404    .ENDEF
                           A   405    .ENDREC "NONAME8"
                           A   406    .BEGREC "NONAME9",278
                           A   407    .DEFINE "fsize"
                           A   408    .VALUE 0
                           A   409    .CLASS 8
                           A   410    .TYPE 15
                           A   411    .ENDEF
                           A   412    .DEFINE "fdate"
                           A   413    .VALUE 4
                           A   414    .CLASS 8
                           A   415    .TYPE 13
                           A   416    .ENDEF
                           A   417    .DEFINE "ftime"
                           A   418    .VALUE 6
                           A   419    .CLASS 8
                           A   420    .TYPE 13
                           A   421    .ENDEF
                           A   422    .DEFINE "fattrib"
                           A   423    .VALUE 8
                           A   424    .CLASS 8
                           A   425    .TYPE 12
                           A   426    .ENDEF
                           A   427    .DEFINE "altname"
                           A   428    .VALUE 9
                           A   429    .CLASS 8
                           A   430    .DIM 13
                           A   431    .TYPE 98
                           A   432    .ENDEF
                           A   433    .DEFINE "fname"
                           A   434    .VALUE 22
                           A   435    .CLASS 8
                           A   436    .DIM 256
                           A   437    .TYPE 98
                           A   438    .ENDEF
                           A   439    .ENDREC "NONAME9"
                           A   440    .BEGREC "NONAME10",12
                           A   441    .DEFINE "fmt"
                           A   442    .VALUE 0
                           A   443    .CLASS 8
                           A   444    .TYPE 12
                           A   445    .ENDEF
                           A   446    .DEFINE "n_fat"
                           A   447    .VALUE 1
                           A   448    .CLASS 8
                           A   449    .TYPE 12
                           A   450    .ENDEF
                           A   451    .DEFINE "align"
                           A   452    .VALUE 2
                           A   453    .CLASS 8
                           A   454    .TYPE 14
                           A   455    .ENDEF
                           A   456    .DEFINE "n_root"
                           A   457    .VALUE 5
                           A   458    .CLASS 8
                           A   459    .TYPE 14
                           A   460    .ENDEF
                           A   461    .DEFINE "au_size"
                           A   462    .VALUE 8
                           A   463    .CLASS 8
                           A   464    .TYPE 15
                           A   465    .ENDEF
                           A   466    .ENDREC "NONAME10"
                           A   467    .BEGREC "NONAME11",6
                           A   468    .DEFINE "name"
                           A   469    .VALUE 0
                           A   470    .CLASS 8
                           A   471    .TYPE 34
                           A   472    .ENDEF
                           A   473    .DEFINE "func"
                           A   474    .VALUE 3
                           A   475    .CLASS 8
                           A   476    .TYPE 548
                           A   477    .ENDEF
                           A   478    .ENDREC "NONAME11"
                           A   479    .BEGREC "sokobanlevel",307
                           A   480    .DEFINE "xpos"
                           A   481    .VALUE 0
                           A   482    .CLASS 8
                           A   483    .TYPE 12
                           A   484    .ENDEF
                           A   485    .DEFINE "ypos"
                           A   486    .VALUE 1
                           A   487    .CLASS 8
                           A   488    .TYPE 12
                           A   489    .ENDEF
                           A   490    .DEFINE "width"
                           A   491    .VALUE 2
                           A   492    .CLASS 8
                           A   493    .TYPE 12
                           A   494    .ENDEF
                           A   495    .DEFINE "height"
                           A   496    .VALUE 3
                           A   497    .CLASS 8
                           A   498    .TYPE 12
                           A   499    .ENDEF
                           A   500    .DEFINE "goals"
                           A   501    .VALUE 4
                           A   502    .CLASS 8
                           A   503    .TYPE 12
                           A   504    .ENDEF
                           A   505    .DEFINE "goalstaken"
                           A   506    .VALUE 5
                           A   507    .CLASS 8
                           A   508    .TYPE 12
                           A   509    .ENDEF
                           A   510    .DEFINE "crates"
                           A   511    .VALUE 6
                           A   512    .CLASS 8
                           A   513    .TYPE 12
                           A   514    .ENDEF
                           A   515    .DEFINE "data"
                           A   516    .VALUE 7
                           A   517    .CLASS 8
                           A   518    .DIM 15
                           A   519    .DIM 20
                           A   520    .TYPE 876
                           A   521    .ENDEF
                           A   522    .ENDREC "sokobanlevel"
                           A   523    .BEGREC "NONAME12",2
                           A   524    .DEFINE "ch"
                           A   525    .VALUE 0
                           A   526    .CLASS 8
                           A   527    .TYPE 2
                           A   528    .ENDEF
                           A   529    .DEFINE "tile_id"
                           A   530    .VALUE 1
                           A   531    .CLASS 8
                           A   532    .TYPE 12
                           A   533    .ENDEF
                           A   534    .ENDREC "NONAME12"
                           A   535    	SEGMENT BSS
000000                     A   536    _fs:
000000                     A   537    	DS	562
                           A   538    .DEFINE "fs"
                           A   539    .ALIAS "_fs"
                           A   540    .CLASS 83
                           A   541    .VALUE _fs
                           A   542    .TAG "NONAME5"
                           A   543    .TYPE 8
                           A   544    .ENDEF
000232                     A   545    _cmd:
000232                     A   546    	DS	256
                           A   547    .DEFINE "cmd"
                           A   548    .ALIAS "_cmd"
                           A   549    .CLASS 83
                           A   550    .VALUE _cmd
                           A   551    .DIM 256
                           A   552    .TYPE 98
                           A   553    .ENDEF
                           A   554    ;    1	/*
                           A   555    ;    2	 * Title:			AGON MOS
                           A   556    ;    3	 * Author:			Dean Belfield
                           A   557    ;    4	 * Created:			19/06/2022
                           A   558    ;    5	 * Last Updated:	15/07/2022
                           A   559    ;    6	 *
                           A   560    ;    7	 * Modinfo:
                           A   561    ;    8	 * 11/07/2022:		Version 0.01: Tweak
                           A   562    ;    9	 * 13/07/2022:		Version 0.02
                           A   563    ;   10	 * 15/07/2022:		Version 0.03: Warm 
                           A   564    ;   11	 */
                           A   565    ;   12	
                           A   566    ;   13	#include <eZ80.h>
                           A   567    ;   14	#include <defines.h>
                           A   568    ;   15	#include <stdio.h>
                           A   569    ;   16	#include <CTYPE.h>
                           A   570    ;   17	#include <String.h>
                           A   571    ;   18	#include <stdlib.h>
                           A   572    ;   19	
                           A   573    ;   20	#include "uart.h"
                           A   574    ;   21	#include "spi.h"
                           A   575    ;   22	#include "timer.h"
                           A   576    ;   23	#include "ff.h"
                           A   577    ;   24	#include "mos.h"
                           A   578    ;   25	#include "vdu.h"
                           A   579    ;   26	#include "game.h"
                           A   580    ;   27	#include "sokobanprep.h"
                           A   581    ;   28	
                           A   582    ;   29	#define		MOS_version		0
                           A   583    ;   30	#define		MOS_revision 	3
                           A   584    ;   31	
                           A   585    ;   32	extern void *	set_vector(unsigned int
                           A   586    ;   33	extern void 	vblank_handler(void);
                           A   587    ;   34	
                           A   588    ;   35	extern char  	coldBoot;			// 
                           A   589    ;   36	extern char  	keycode;			// 
                           A   590    ;   37	
                           A   591    ;   38	static FATFS 	fs;					// 
                           A   592    ;   39	static char  	cmd[256];			// 
                           A   593    	SEGMENT CODE
                           A   594    ;   40	
                           A   595    ;   41	// Wait for the ESP32 to respond with a
                           A   596    ;   42	// Parameters: None
                           A   597    ;   43	// Returns: None
                           A   598    ;   44	//
                           A   599    ;   45	void wait_ESP32(void) {
000000                     A   600    _wait_ESP32:
                           A   601    .DEFINE "_wait_ESP32"
                           A   602    
                           A   603    .VALUE _wait_ESP32
                           A   604    
                           A   605    .CLASS 2
                           A   606    
                           A   607    .TYPE 65
                           A   608    
                           A   609    .ENDEF
                           A   610    
                           A   611    .BEGFUNC "wait_ESP32",45,"_wait_ESP32"
                           A   612    
                           A   613    .LINE 45
                           A   614    
                           A   615    .DEFINE "ch"
                           A   616    
                           A   617    .CLASS 65
                           A   618    
                           A   619    .VALUE -3
                           A   620    
                           A   621    .TYPE 4
                           A   622    
                           A   623    .ENDEF
                           A   624    
000000 DDE5                A   625    	PUSH	IX
000002 DD210000 00         A   626    	LD	IX,0
000007 DD39                A   627    	ADD	IX,SP
000009 C5                  A   628    	PUSH	BC
                           A   629    ;   46		INT ch = 0; 	
                           A   630    .LINE 46
                           A   631    
00000A 01000000            A   632    	LD	BC,0
00000E DD0FFD              A   633    	LD	(IX+%FFFFFFFD),BC
                           A   634    ;   47		while(ch != 27) {
                           A   635    .LINE 47
                           A   636    
000011 18 0C               A   637    	JR	L_0
000013                     A   638    L_1:
                           A   639    ;   48	//		ch = getch();
                           A   640    ;   49			ch = keycode;
                           A   641    .LINE 49
                           A   642    
000013 3A 00 00 00         A   643    	LD	A,(_keycode)
000017 47                  A   644    	LD	B,A
000018 17ED62              A   645    	SEXT	HL
00001B 68                  A   646    	LD	L,B
00001C DD2FFD              A   647    	LD	(IX+%FFFFFFFD),HL
                           A   648    ;   50		}	
00001F                     A   649    L_0:
                           A   650    .LINE 50
                           A   651    
00001F 011B0000            A   652    	LD	BC,27
000023 DD27FD              A   653    	LD	HL,(IX+%FFFFFFFD)
000026 B7                  A   654    	OR	A,A
000027 ED42                A   655    	SBC	HL,BC
000029 20 E8               A   656    	JR	NZ,L_1
                           A   657    ;   51	}
                           A   658    .LINE 51
                           A   659    
00002B DDF9                A   660    	LD	SP,IX
00002D DDE1                A   661    	POP	IX
00002F C9                  A   662    	RET	
                           A   663    
                           A   664    
                           A   665    ;**************************** _wait_ESP32 *****
                           A   666    ;Name                         Addr/Register   S
                           A   667    ;_keycode                            IMPORT    
                           A   668    ;ch                                    IX-3    
                           A   669    
                           A   670    
                           A   671    ; Stack Frame Size: 9 (bytes)
                           A   672    ;       Spill Code: 0 (instruction)
                           A   673    
                           A   674    
                           A   675    .ENDFUNC "wait_ESP32",51,"_wait_ESP32"
                           A   676    ;   52	
                           A   677    ;   53	// Initialise the interrupts
                           A   678    ;   54	//
                           A   679    ;   55	void init_interrupts(void) {
000030                     A   680    _init_interrupts:
                           A   681    .DEFINE "_init_interrupts"
                           A   682    
                           A   683    .VALUE _init_interrupts
                           A   684    
                           A   685    .CLASS 2
                           A   686    
                           A   687    .TYPE 65
                           A   688    
                           A   689    .ENDEF
                           A   690    
                           A   691    .BEGFUNC "init_interrupts",55,"_init_interrupts
                           A   692    
000030 DDE5                A   693    	PUSH	IX
000032 DD210000 00         A   694    	LD	IX,0
000037 DD39                A   695    	ADD	IX,SP
                           A   696    ;   56		DI();
                           A   697    .LINE 56
                           A   698    
000039 F3                  A   699    	di
                           A   700    ;   57		set_vector(PORTB1_IVECT, &vblank_ha
                           A   701    .LINE 57
                           A   702    
00003A 01 00 00 00         A   703    	LD	BC,_vblank_handler
00003E C5                  A   704    	PUSH	BC
00003F 01320000            A   705    	LD	BC,50
000043 C5                  A   706    	PUSH	BC
000044 CD 00 00 00         A   707    	CALL	_set_vector
000048 C1                  A   708    	POP	BC
000049 C1                  A   709    	POP	BC
                           A   710    ;   58		EI();
                           A   711    .LINE 58
                           A   712    
00004A FB                  A   713    	ei
                           A   714    ;   59	}
                           A   715    .LINE 59
                           A   716    
00004B DDF9                A   717    	LD	SP,IX
00004D DDE1                A   718    	POP	IX
00004F C9                  A   719    	RET	
                           A   720    
                           A   721    
                           A   722    ;**************************** _init_interrupts 
                           A   723    ;Name                         Addr/Register   S
                           A   724    ;_vblank_handler                     IMPORT  --
                           A   725    ;_set_vector                         IMPORT  --
                           A   726    
                           A   727    
                           A   728    ; Stack Frame Size: 6 (bytes)
                           A   729    ;       Spill Code: 0 (instruction)
                           A   730    
                           A   731    
                           A   732    .ENDFUNC "init_interrupts",59,"_init_interrupts
                           A   733    ;   60	
                           A   734    ;   61	// The main loop
                           A   735    ;   62	//
                           A   736    ;   63	int main(void) {
000050                     A   737    _main:
                           A   738    .DEFINE "_main"
                           A   739    
                           A   740    .VALUE _main
                           A   741    
                           A   742    .CLASS 2
                           A   743    
                           A   744    .TYPE 68
                           A   745    
                           A   746    .ENDEF
                           A   747    
                           A   748    .BEGFUNC "main",63,"_main"
                           A   749    
                           A   750    .LINE 63
                           A   751    
                           A   752    .DEFINE "levelnumber"
                           A   753    
                           A   754    .CLASS 65
                           A   755    
                           A   756    .VALUE -2
                           A   757    
                           A   758    .TYPE 13
                           A   759    
                           A   760    .ENDEF
                           A   761    
                           A   762    .DEFINE "levelbuffer"
                           A   763    
                           A   764    .CLASS 65
                           A   765    
                           A   766    .VALUE -5
                           A   767    
                           A   768    .TAG "sokobanlevel"
                           A   769    
                           A   770    .TYPE 40
                           A   771    
                           A   772    .ENDEF
                           A   773    
                           A   774    .DEFINE "levels"
                           A   775    
                           A   776    .CLASS 65
                           A   777    
                           A   778    .VALUE -7
                           A   779    
                           A   780    .TYPE 13
                           A   781    
                           A   782    .ENDEF
                           A   783    
                           A   784    .DEFINE "pUART"
                           A   785    
                           A   786    .CLASS 65
                           A   787    
                           A   788    .VALUE -13
                           A   789    
                           A   790    .TAG "NONAME4"
                           A   791    
                           A   792    .TYPE 8
                           A   793    
                           A   794    .ENDEF
                           A   795    
000050 DDE5                A   796    	PUSH	IX
000052 DD210000 00         A   797    	LD	IX,0
000057 DD39                A   798    	ADD	IX,SP
000059 ED22F3              A   799    	LEA	HL,IX+%FFFFFFF3
00005C F9                  A   800    	LD	SP,HL
                           A   801    ;   64		UART 	pUART;
                           A   802    ;   65	
                           A   803    ;   66		FRESULT	fr;
                           A   804    ;   67		struct sokobanlevel level;
                           A   805    ;   68		struct sokobanlevel *levelbuffer = 
                           A   806    .LINE 68
                           A   807    
00005D 01000000            A   808    	LD	BC,0
000061 DD0FFB              A   809    	LD	(IX+%FFFFFFFB),BC
                           A   810    ;   69		
                           A   811    ;   70		UINT16  levelnumber;
                           A   812    ;   71		UINT16	levels;
                           A   813    ;   72		UINT16	n;
                           A   814    ;   73		
                           A   815    ;   74		pUART.baudRate = 384000;
                           A   816    .LINE 74
                           A   817    
000064 0100DC05            A   818    	LD	BC,384000
000068 DD0FF3              A   819    	LD	(IX+%FFFFFFF3),BC
                           A   820    ;   75		pUART.dataBits = 8;
                           A   821    .LINE 75
                           A   822    
00006B DD36F608            A   823    	LD	(IX+%FFFFFFF6),%8
                           A   824    ;   76		pUART.stopBits = 1;
                           A   825    .LINE 76
                           A   826    
00006F DD36F701            A   827    	LD	(IX+%FFFFFFF7),%1
                           A   828    ;   77		pUART.parity = PAR_NOPARITY;
                           A   829    .LINE 77
                           A   830    
000073 DD36F800            A   831    	LD	(IX+%FFFFFFF8),%0
                           A   832    ;   78		
                           A   833    ;   79		init_timer2(1);			// Initiali
                           A   834    .LINE 79
                           A   835    
000077 01010000            A   836    	LD	BC,1
00007B C5                  A   837    	PUSH	BC
00007C CD 00 00 00         A   838    	CALL	_init_timer2
000080 C1                  A   839    	POP	BC
                           A   840    ;   80		init_spi();				// Initiali
                           A   841    .LINE 80
                           A   842    
000081 CD 00 00 00         A   843    	CALL	_init_spi
                           A   844    ;   81		init_UART0();			// Initiali
                           A   845    .LINE 81
                           A   846    
000085 CD 00 00 00         A   847    	CALL	_init_UART0
                           A   848    ;   82		open_UART0(&pUART);		// Open the
                           A   849    .LINE 82
                           A   850    
000089 ED65F3              A   851    	PEA	IX+%FFFFFFF3
00008C CD 00 00 00         A   852    	CALL	_open_UART0
000090 C1                  A   853    	POP	BC
                           A   854    ;   83		init_interrupts();		// Initiali
                           A   855    .LINE 83
                           A   856    
000091 CD 30 00 00         A   857    	CALL	_init_interrupts
                           A   858    ;   84		
                           A   859    ;   85		f_mount(&fs, "", 1);	// Mount th
                           A   860    .LINE 85
                           A   861    
000095 01010000            A   862    	LD	BC,1
000099 C5                  A   863    	PUSH	BC
00009A 01 00 00 00         A   864    	LD	BC,L__3
00009E C5                  A   865    	PUSH	BC
00009F 01 00 00 00         A   866    	LD	BC,_fs
0000A3 C5                  A   867    	PUSH	BC
0000A4 CD 00 00 00         A   868    	CALL	_f_mount
0000A8 C1                  A   869    	POP	BC
0000A9 C1                  A   870    	POP	BC
0000AA C1                  A   871    	POP	BC
                           A   872    ;   86		
                           A   873    ;   87		if(coldBoot > 0) {		// If a col
                           A   874    .LINE 87
                           A   875    
0000AB AF                  A   876    	XOR	A,A
0000AC 21 00 00 00         A   877    	LD	HL,_coldBoot
0000B0 BE                  A   878    	CP	A,(HL)
0000B1 F2 BB 00 00         A   879    	JP	P,L__14
0000B5 EA C3 00 00         A   880    	JP	PE,L_5
0000B9 18 04               A   881    	JR	L__15
0000BB                     A   882    L__14:
0000BB E2 C3 00 00         A   883    	JP	PO,L_5
0000BF                     A   884    L__15:
                           A   885    ;   88			wait_ESP32();		// Wait for
                           A   886    .LINE 88
                           A   887    
0000BF CD 00 00 00         A   888    	CALL	_wait_ESP32
                           A   889    ;   89		}
0000C3                     A   890    L_5:
                           A   891    .LINE 89
                           A   892    
                           A   893    ;   90	
                           A   894    ;   91		printf("Reading 'levels.bin'...");
                           A   895    .LINE 91
                           A   896    
0000C3 01 00 00 00         A   897    	LD	BC,___print_uputch
0000C7 ED43 00 00 00       A   898    	LD	(___print_xputch),BC
0000CC 01 01 00 00         A   899    	LD	BC,L__5
0000D0 C5                  A   900    	PUSH	BC
0000D1 CD 00 00 00         A   901    	CALL	___print_sendstring
0000D5 C1                  A   902    	POP	BC
                           A   903    ;   92		levels = read_levels("levels.bin", 
                           A   904    .LINE 92
                           A   905    
0000D6 ED65FB              A   906    	PEA	IX+%FFFFFFFB
0000D9 01 19 00 00         A   907    	LD	BC,L__6
0000DD C5                  A   908    	PUSH	BC
0000DE CD 00 00 00         A   909    	CALL	_read_levels
0000E2 C1                  A   910    	POP	BC
0000E3 C1                  A   911    	POP	BC
0000E4 DD75F9              A   912    	LD	(IX+%FFFFFFF9),L
0000E7 DD74FA              A   913    	LD	(IX+%FFFFFFFA),H
                           A   914    ;   93		
                           A   915    ;   94		if(levels)
                           A   916    .LINE 94
                           A   917    
0000EA 49010000            A   918    	LD.LIS	BC,0
0000EE DD27F9              A   919    	LD	HL,(IX+%FFFFFFF9)
0000F1 B7                  A   920    	OR	A,A
0000F2 40ED42              A   921    	SBC.SIS	HL,BC
0000F5 CA 9B 01 00         A   922    	JR	Z,L_11
                           A   923    ;   95		{
                           A   924    ;   96			levelnumber = 0;
                           A   925    .LINE 96
                           A   926    
0000F9 DD36FE00            A   927    	LD	(IX+%FFFFFFFE),%0
0000FD DD36FF00            A   928    	LD	(IX+%FFFFFFFF),%0
                           A   929    ;   97			while(levelnumber < levels)
                           A   930    .LINE 97
                           A   931    
000101 18 75               A   932    	JR	L_7
000103                     A   933    L_8:
                           A   934    ;   98			{
                           A   935    ;   99				vdu_cls();
                           A   936    .LINE 99
                           A   937    
000103 CD 00 00 00         A   938    	CALL	_vdu_cls
                           A   939    ;  100				printf("Level %d\n\r\n\r",l
                           A   940    .LINE 100
                           A   941    
000107 01 00 00 00         A   942    	LD	BC,___print_uputch
00010B ED43 00 00 00       A   943    	LD	(___print_xputch),BC
000110 01 24 00 00         A   944    	LD	BC,L__8
000114 C5                  A   945    	PUSH	BC
000115 CD 00 00 00         A   946    	CALL	___print_sendstring
000119 C1                  A   947    	POP	BC
00011A DD07FE              A   948    	LD	BC,(IX+%FFFFFFFE)
00011D CD 00 00 00         A   949    	CALL	__stoiu
000121 E5C1                A   950    	LD	BC,HL
000123 CD 00 00 00         A   951    	CALL	__itol
000127 C5D1                A   952    	LD	DE,BC
000129 4F                  A   953    	LD	C,A
00012A 0600                A   954    	LD	B,%0
00012C C5                  A   955    	PUSH	BC
00012D D5                  A   956    	PUSH	DE
00012E CD 00 00 00         A   957    	CALL	__u_itoa
000132 C1                  A   958    	POP	BC
000133 C1                  A   959    	POP	BC
000134 01 2B 00 00         A   960    	LD	BC,L__9
000138 C5                  A   961    	PUSH	BC
000139 CD 00 00 00         A   962    	CALL	___print_sendstring
00013D C1                  A   963    	POP	BC
                           A   964    ;  101				
                           A   965    ;  102				print_playfieldText(&levelb
                           A   966    .LINE 102
                           A   967    
00013E DD07FE              A   968    	LD	BC,(IX+%FFFFFFFE)
000141 CD 00 00 00         A   969    	CALL	__stoiu
000145 01330100            A   970    	LD	BC,307
000149 CD 00 00 00         A   971    	CALL	__imuls
00014D DD07FB              A   972    	LD	BC,(IX+%FFFFFFFB)
000150 09                  A   973    	ADD	HL,BC
000151 E5                  A   974    	PUSH	HL
000152 CD 00 00 00         A   975    	CALL	_print_playfieldText
000156 C1                  A   976    	POP	BC
                           A   977    ;  103				levelnumber++;
                           A   978    .LINE 103
                           A   979    
000157 DD27FE              A   980    	LD	HL,(IX+%FFFFFFFE)
00015A 23                  A   981    	INC	HL
00015B DD75FE              A   982    	LD	(IX+%FFFFFFFE),L
00015E DD74FF              A   983    	LD	(IX+%FFFFFFFF),H
                           A   984    ;  104				printf("\n\rPress any key:\
                           A   985    .LINE 104
                           A   986    
000161 01 00 00 00         A   987    	LD	BC,___print_uputch
000165 ED43 00 00 00       A   988    	LD	(___print_xputch),BC
00016A 01 30 00 00         A   989    	LD	BC,L__10
00016E C5                  A   990    	PUSH	BC
00016F CD 00 00 00         A   991    	CALL	___print_sendstring
000173 C1                  A   992    	POP	BC
                           A   993    ;  105				getch();
                           A   994    .LINE 105
                           A   995    
000174 CD 00 00 00         A   996    	CALL	_getch
                           A   997    ;  106			}
000178                     A   998    L_7:
                           A   999    .LINE 106
                           A  1000    
000178 DD07F9              A  1001    	LD	BC,(IX+%FFFFFFF9)
00017B DD27FE              A  1002    	LD	HL,(IX+%FFFFFFFE)
00017E B7                  A  1003    	OR	A,A
00017F 40ED42              A  1004    	SBC.SIS	HL,BC
000182 DA 03 01 00         A  1005    	JR	C,L_8
                           A  1006    ;  107			printf("Last level reached\n\r"
                           A  1007    .LINE 107
                           A  1008    
000186 01 00 00 00         A  1009    	LD	BC,___print_uputch
00018A ED43 00 00 00       A  1010    	LD	(___print_xputch),BC
00018F 01 43 00 00         A  1011    	LD	BC,L__12
000193 C5                  A  1012    	PUSH	BC
000194 CD 00 00 00         A  1013    	CALL	___print_sendstring
000198 C1                  A  1014    	POP	BC
                           A  1015    ;  108		}
                           A  1016    ;  109		else printf("No levels read\n\r");
                           A  1017    .LINE 109
                           A  1018    
000199 18 13               A  1019    	JR	L_12
00019B                     A  1020    L_11:
00019B 01 00 00 00         A  1021    	LD	BC,___print_uputch
00019F ED43 00 00 00       A  1022    	LD	(___print_xputch),BC
0001A4 01 58 00 00         A  1023    	LD	BC,L__13
0001A8 C5                  A  1024    	PUSH	BC
0001A9 CD 00 00 00         A  1025    	CALL	___print_sendstring
0001AD C1                  A  1026    	POP	BC
0001AE                     A  1027    L_12:
                           A  1028    ;  110	
                           A  1029    ;  111		free(levelbuffer);	
                           A  1030    .LINE 111
                           A  1031    
0001AE DD07FB              A  1032    	LD	BC,(IX+%FFFFFFFB)
0001B1 C5                  A  1033    	PUSH	BC
0001B2 CD 00 00 00         A  1034    	CALL	_free
0001B6 C1                  A  1035    	POP	BC
                           A  1036    ;  112		return 0;
                           A  1037    .LINE 112
                           A  1038    
0001B7 B7                  A  1039    	OR	A,A
0001B8 ED62                A  1040    	SBC	HL,HL
                           A  1041    .LINE 113
                           A  1042    
0001BA DDF9                A  1043    	LD	SP,IX
0001BC DDE1                A  1044    	POP	IX
0001BE C9                  A  1045    	RET	
                           A  1046    
                           A  1047    
                           A  1048    ;**************************** _main ***********
                           A  1049    ;Name                         Addr/Register   S
                           A  1050    ;_free                               IMPORT  --
                           A  1051    ;_getch                              IMPORT  --
                           A  1052    ;_print_playfieldText                IMPORT  --
                           A  1053    ;__u_itoa                            IMPORT  --
                           A  1054    ;_vdu_cls                            IMPORT  --
                           A  1055    ;_read_levels                        IMPORT  --
                           A  1056    ;___print_sendstring                 IMPORT  --
                           A  1057    ;___print_xputch                     IMPORT    
                           A  1058    ;___print_uputch                     IMPORT  --
                           A  1059    ;_coldBoot                           IMPORT    
                           A  1060    ;_fs                                 STATIC    
                           A  1061    ;_f_mount                            IMPORT  --
                           A  1062    ;_open_UART0                         IMPORT  --
                           A  1063    ;_init_UART0                         IMPORT  --
                           A  1064    ;_init_spi                           IMPORT  --
                           A  1065    ;_init_timer2                        IMPORT  --
                           A  1066    ;pUART                                IX-13    
                           A  1067    ;levels                                IX-7    
                           A  1068    ;levelbuffer                           IX-5    
                           A  1069    ;levelnumber                           IX-2    
                           A  1070    
                           A  1071    
                           A  1072    ; Stack Frame Size: 19 (bytes)
                           A  1073    ;       Spill Code: 0 (instruction)
                           A  1074    
                           A  1075    
                           A  1076    .ENDFUNC "main",113,"_main"
                           A  1077    	SEGMENT STRSECT
000000                     A  1078    L__3:
000000 00                  A  1079    	DB	0
000001                     A  1080    L__5:
000001 52656164 696E6720   A  1081    	DB	"Reading 'levels.bin'..."
000009 276C6576 656C732E 
000011 62696E27 2E2E2E 
000018 00                  A  1082    	DB	0
000019                     A  1083    L__6:
000019 6C657665 6C732E62   A  1084    	DB	"levels.bin"
000021 696E 
000023 00                  A  1085    	DB	0
000024                     A  1086    L__8:
000024 4C657665 6C20       A  1087    	DB	"Level "
00002A 00                  A  1088    	DB	0
00002B                     A  1089    L__9:
00002B 0A0D0A0D 00         A  1090    	DB	10,13,10,13,0
000030                     A  1091    L__10:
000030 0A0D                A  1092    	DB	10,13
000032 50726573 7320616E   A  1093    	DB	"Press any key:"
00003A 79206B65 793A 
000040 0A0D00              A  1094    	DB	10,13,0
000043                     A  1095    L__12:
000043 4C617374 206C6576   A  1096    	DB	"Last level reached"
00004B 656C2072 65616368 
000053 6564 
000055 0A0D00              A  1097    	DB	10,13,0
000058                     A  1098    L__13:
000058 4E6F206C 6576656C   A  1099    	DB	"No levels read"
000060 73207265 6164 
000066 0A0D00              A  1100    	DB	10,13,0
                           A  1101    	XREF _keycode:ROM
                           A  1102    	XREF _coldBoot:ROM
                           A  1103    	XREF _vblank_handler:ROM
                           A  1104    	XREF _set_vector:ROM
                           A  1105    	XREF _read_levels:ROM
                           A  1106    	XREF _print_playfieldText:ROM
                           A  1107    	XREF _vdu_cls:ROM
                           A  1108    	XREF _f_mount:ROM
                           A  1109    	XREF _init_timer2:ROM
                           A  1110    	XREF _init_spi:ROM
                           A  1111    	XREF _getch:ROM
                           A  1112    	XREF _open_UART0:ROM
                           A  1113    	XREF _init_UART0:ROM
                           A  1114    	XREF _free:ROM
                           A  1115    	XREF __u_itoa:ROM
                           A  1116    	XREF ___print_sendstring:ROM
                           A  1117    	XREF ___print_xputch:ROM
                           A  1118    	XREF ___print_uputch:ROM
                           A  1119    	XREF __imuls:ROM
                           A  1120    	XREF __stoiu:ROM
                           A  1121    	XREF __itol:ROM
                           A  1122    	XDEF _main
                           A  1123    	XDEF _init_interrupts
                           A  1124    	XDEF _wait_ESP32
                           A  1125    	END


Errors: 0
Warnings: 0
Lines Assembled: 1126
